<?xml version="1.0" encoding="UTF-8"?>
<testsuite name="ReqresinTests" tests="2" skipped="0" failures="0" errors="0" timestamp="2022-06-06T21:13:19" hostname="NTB-NEDRA136" time="2.626">
  <properties/>
  <testcase name="loginTest()" classname="ReqresinTests" time="2.273"/>
  <testcase name="missingPasswordLoginTest()" classname="ReqresinTests" time="0.353"/>
  <system-out><![CDATA[Request URI:	https://reqres.in/api/login
Body:
{
    "email": "eve.holt@reqres.in",
    "password": "cityslicka"
}
HTTP/1.1 200 OK
{
    "token": "QpwL5tke4Pnpja7X4"
}
Request URI:	https://reqres.in/api/login
Body:
{
    "email": "eve.holt@reqres.in"
}
HTTP/1.1 400 Bad Request
{
    "error": "Missing password"
}
]]></system-out>
  <system-err><![CDATA[]]></system-err>
</testsuite>
